{"contracts/Feedback.sol":{"l":{"18":1,"21":1,"27":4,"37":1,"46":1},"path":"/Users/serious/Documents/09_PoC/semaphore-test/my-app/apps/contracts/contracts/Feedback.sol","s":{"1":4,"2":1,"3":1},"b":{},"f":{"1":1,"2":4,"3":1},"fnMap":{"1":{"name":"constructor","line":17,"loc":{"start":{"line":17,"column":4},"end":{"line":23,"column":4}}},"2":{"name":"joinGroup","line":26,"loc":{"start":{"line":26,"column":4},"end":{"line":28,"column":4}}},"3":{"name":"sendFeedback","line":30,"loc":{"start":{"line":30,"column":4},"end":{"line":47,"column":4}}}},"statementMap":{"1":{"start":{"line":27,"column":8},"end":{"line":27,"column":55}},"2":{"start":{"line":37,"column":8},"end":{"line":37,"column":1004}},"3":{"start":{"line":46,"column":8},"end":{"line":46,"column":46}}},"branchMap":{}}}